anasAkram-master/app/build/intermediates/manifest_merge_blame_file/debug/manifest-merger-blame-debug-report.txt
1<?xml version="1.0" encoding="utf-8"?>
2<manifest xmlns:android="http://schemas.android.com/apk/res/android"
3    package="com.example.ottawamealer"
4    android:versionCode="1"
5    android:versionName="1.0" >
6
7    <uses-sdk
8        android:minSdkVersion="21"
8-->src\main\AndroidManifest.xml
9        android:targetSdkVersion="32" />
9-->src\main\AndroidManifest.xml
10
11    <uses-permission android:name="android.permission.INTERNET" />
11-->[com.google.firebase:firebase-auth:21.1.0] AndroidManifest.xml:23:5-67
11-->[com.google.firebase:firebase-auth:21.1.0] AndroidManifest.xml:23:22-64
12    <uses-permission android:name="android.permission.ACCESS_NETWORK_STATE" />
12-->[com.google.firebase:firebase-auth:21.1.0] AndroidManifest.xml:24:5-79
12-->[com.google.firebase:firebase-auth:21.1.0] AndroidManifest.xml:24:22-76
13
14    <application
14-->src\main\AndroidManifest.xml:5:5-182:19
15        android:allowBackup="true"
15-->src\main\AndroidManifest.xml:6:9-35
16        android:appComponentFactory="androidx.core.app.CoreComponentFactory"
16-->[androidx.core:core:1.8.0] AndroidManifest.xml:24:18-86
17        android:dataExtractionRules="@xml/data_extraction_rules"
17-->src\main\AndroidManifest.xml:7:9-65
18        android:debuggable="true"
19        android:fullBackupContent="@xml/backup_rules"
19-->src\main\AndroidManifest.xml:8:9-54
20        android:icon="@mipmap/ic_launcher"
20-->src\main\AndroidManifest.xml:9:9-43
21        android:label="@string/app_name"
21-->src\main\AndroidManifest.xml:10:9-41
22        android:roundIcon="@mipmap/ic_launcher_round"
22-->src\main\AndroidManifest.xml:11:9-54
23        android:supportsRtl="true"
23-->src\main\AndroidManifest.xml:12:9-35
24        android:testOnly="true"
25        android:theme="@style/Theme.OttawaMealer" >
25-->src\main\AndroidManifest.xml:13:9-50
26        <activity
26-->src\main\AndroidManifest.xml:15:9-21:20
27            android:name="com.example.ottawamealer.Cart"
27-->src\main\AndroidManifest.xml:16:13-33
28            android:exported="false" >
28-->src\main\AndroidManifest.xml:17:13-37
29            <meta-data
29-->src\main\AndroidManifest.xml:18:13-20:36
30                android:name="android.app.lib_name"
30-->src\main\AndroidManifest.xml:19:17-52
31                android:value="" />
31-->src\main\AndroidManifest.xml:20:17-33
32        </activity>
33        <activity
33-->src\main\AndroidManifest.xml:22:9-28:20
34            android:name="com.example.ottawamealer.VoidCheckUploadPage"
34-->src\main\AndroidManifest.xml:23:13-48
35            android:exported="false" >
35-->src\main\AndroidManifest.xml:24:13-37
36            <meta-data
36-->src\main\AndroidManifest.xml:18:13-20:36
37                android:name="android.app.lib_name"
37-->src\main\AndroidManifest.xml:19:17-52
38                android:value="" />
38-->src\main\AndroidManifest.xml:20:17-33
39        </activity>
40        <activity
40-->src\main\AndroidManifest.xml:29:9-35:20
41            android:name="com.example.ottawamealer.SubmitComplaint"
41-->src\main\AndroidManifest.xml:30:13-44
42            android:exported="false" >
42-->src\main\AndroidManifest.xml:31:13-37
43            <meta-data
43-->src\main\AndroidManifest.xml:18:13-20:36
44                android:name="android.app.lib_name"
44-->src\main\AndroidManifest.xml:19:17-52
45                android:value="" />
45-->src\main\AndroidManifest.xml:20:17-33
46        </activity>
47        <activity
47-->src\main\AndroidManifest.xml:36:9-42:20
48            android:name="com.example.ottawamealer.SearchMeal"
48-->src\main\AndroidManifest.xml:37:13-39
49            android:exported="false" >
49-->src\main\AndroidManifest.xml:38:13-37
50            <meta-data
50-->src\main\AndroidManifest.xml:18:13-20:36
51                android:name="android.app.lib_name"
51-->src\main\AndroidManifest.xml:19:17-52
52                android:value="" />
52-->src\main\AndroidManifest.xml:20:17-33
53        </activity>
54        <activity
54-->src\main\AndroidManifest.xml:43:9-49:20
55            android:name="com.example.ottawamealer.CookActiveMenu"
55-->src\main\AndroidManifest.xml:44:13-43
56            android:exported="false" >
56-->src\main\AndroidManifest.xml:45:13-37
57            <meta-data
57-->src\main\AndroidManifest.xml:18:13-20:36
58                android:name="android.app.lib_name"
58-->src\main\AndroidManifest.xml:19:17-52
59                android:value="" />
59-->src\main\AndroidManifest.xml:20:17-33
60        </activity>
61        <activity
61-->src\main\AndroidManifest.xml:50:9-56:20
62            android:name="com.example.ottawamealer.UpdateDeletePage"
62-->src\main\AndroidManifest.xml:51:13-45
63            android:exported="false" >
63-->src\main\AndroidManifest.xml:52:13-37
64            <meta-data
64-->src\main\AndroidManifest.xml:18:13-20:36
65                android:name="android.app.lib_name"
65-->src\main\AndroidManifest.xml:19:17-52
66                android:value="" />
66-->src\main\AndroidManifest.xml:20:17-33
67        </activity>
68        <activity
68-->src\main\AndroidManifest.xml:57:9-63:20
69            android:name="com.example.ottawamealer.UpdateMeal"
69-->src\main\AndroidManifest.xml:58:13-39
70            android:exported="false" >
70-->src\main\AndroidManifest.xml:59:13-37
71            <meta-data
71-->src\main\AndroidManifest.xml:18:13-20:36
72                android:name="android.app.lib_name"
72-->src\main\AndroidManifest.xml:19:17-52
73                android:value="" />
73-->src\main\AndroidManifest.xml:20:17-33
74        </activity>
75        <activity
75-->src\main\AndroidManifest.xml:64:9-70:20
76            android:name="com.example.ottawamealer.AddIngrediants"
76-->src\main\AndroidManifest.xml:65:13-43
77            android:exported="false" >
77-->src\main\AndroidManifest.xml:66:13-37
78            <meta-data
78-->src\main\AndroidManifest.xml:18:13-20:36
79                android:name="android.app.lib_name"
79-->src\main\AndroidManifest.xml:19:17-52
80                android:value="" />
80-->src\main\AndroidManifest.xml:20:17-33
81        </activity>
82        <activity
82-->src\main\AndroidManifest.xml:71:9-77:20
83            android:name="com.example.ottawamealer.NewMeal"
83-->src\main\AndroidManifest.xml:72:13-36
84            android:exported="false" >
84-->src\main\AndroidManifest.xml:73:13-37
85            <meta-data
85-->src\main\AndroidManifest.xml:18:13-20:36
86                android:name="android.app.lib_name"
86-->src\main\AndroidManifest.xml:19:17-52
87                android:value="" />
87-->src\main\AndroidManifest.xml:20:17-33
88        </activity>
89        <activity
89-->src\main\AndroidManifest.xml:78:9-84:20
90            android:name="com.example.ottawamealer.CookMenu"
90-->src\main\AndroidManifest.xml:79:13-37
91            android:exported="false" >
91-->src\main\AndroidManifest.xml:80:13-37
92            <meta-data
92-->src\main\AndroidManifest.xml:18:13-20:36
93                android:name="android.app.lib_name"
93-->src\main\AndroidManifest.xml:19:17-52
94                android:value="" />
94-->src\main\AndroidManifest.xml:20:17-33
95        </activity>
96        <activity
96-->src\main\AndroidManifest.xml:85:9-91:20
97            android:name="com.example.ottawamealer.ChefComplaint"
97-->src\main\AndroidManifest.xml:86:13-42
98            android:exported="false" >
98-->src\main\AndroidManifest.xml:87:13-37
99            <meta-data
99-->src\main\AndroidManifest.xml:18:13-20:36
100                android:name="android.app.lib_name"
100-->src\main\AndroidManifest.xml:19:17-52
101                android:value="" />
101-->src\main\AndroidManifest.xml:20:17-33
102        </activity>
103        <activity
103-->src\main\AndroidManifest.xml:92:9-98:20
104            android:name="com.example.ottawamealer.IndefinetlySuspended"
104-->src\main\AndroidManifest.xml:93:13-49
105            android:exported="false" >
105-->src\main\AndroidManifest.xml:94:13-37
106            <meta-data
106-->src\main\AndroidManifest.xml:18:13-20:36
107                android:name="android.app.lib_name"
107-->src\main\AndroidManifest.xml:19:17-52
108                android:value="" />
108-->src\main\AndroidManifest.xml:20:17-33
109        </activity>
110        <activity
110-->src\main\AndroidManifest.xml:99:9-105:20
111            android:name="com.example.ottawamealer.TemporarilySuspended"
111-->src\main\AndroidManifest.xml:100:13-49
112            android:exported="false" >
112-->src\main\AndroidManifest.xml:101:13-37
113            <meta-data
113-->src\main\AndroidManifest.xml:18:13-20:36
114                android:name="android.app.lib_name"
114-->src\main\AndroidManifest.xml:19:17-52
115                android:value="" />
115-->src\main\AndroidManifest.xml:20:17-33
116        </activity>
117        <activity
117-->src\main\AndroidManifest.xml:106:9-112:20
118            android:name="com.example.ottawamealer.FireCook"
118-->src\main\AndroidManifest.xml:107:13-37
119            android:exported="false" >
119-->src\main\AndroidManifest.xml:108:13-37
120            <meta-data
120-->src\main\AndroidManifest.xml:18:13-20:36
121                android:name="android.app.lib_name"
121-->src\main\AndroidManifest.xml:19:17-52
122                android:value="" />
122-->src\main\AndroidManifest.xml:20:17-33
123        </activity>
124        <activity
124-->src\main\AndroidManifest.xml:113:9-119:20
125            android:name="com.example.ottawamealer.ListOfCooks"
125-->src\main\AndroidManifest.xml:114:13-40
126            android:exported="false" >
126-->src\main\AndroidManifest.xml:115:13-37
127            <meta-data
127-->src\main\AndroidManifest.xml:18:13-20:36
128                android:name="android.app.lib_name"
128-->src\main\AndroidManifest.xml:19:17-52
129                android:value="" />
129-->src\main\AndroidManifest.xml:20:17-33
130        </activity>
131        <activity
131-->src\main\AndroidManifest.xml:120:9-126:20
132            android:name="com.example.ottawamealer.AdminInbox"
132-->src\main\AndroidManifest.xml:121:13-39
133            android:exported="false" >
133-->src\main\AndroidManifest.xml:122:13-37
134            <meta-data
134-->src\main\AndroidManifest.xml:18:13-20:36
135                android:name="android.app.lib_name"
135-->src\main\AndroidManifest.xml:19:17-52
136                android:value="" />
136-->src\main\AndroidManifest.xml:20:17-33
137        </activity>
138        <activity
138-->src\main\AndroidManifest.xml:127:9-133:20
139            android:name="com.example.ottawamealer.WelcomeAdmin"
139-->src\main\AndroidManifest.xml:128:13-41
140            android:exported="false" >
140-->src\main\AndroidManifest.xml:129:13-37
141            <meta-data
141-->src\main\AndroidManifest.xml:18:13-20:36
142                android:name="android.app.lib_name"
142-->src\main\AndroidManifest.xml:19:17-52
143                android:value="" />
143-->src\main\AndroidManifest.xml:20:17-33
144        </activity>
145        <activity
145-->src\main\AndroidManifest.xml:134:9-140:20
146            android:name="com.example.ottawamealer.WelcomeCook"
146-->src\main\AndroidManifest.xml:135:13-40
147            android:exported="false" >
147-->src\main\AndroidManifest.xml:136:13-37
148            <meta-data
148-->src\main\AndroidManifest.xml:18:13-20:36
149                android:name="android.app.lib_name"
149-->src\main\AndroidManifest.xml:19:17-52
150                android:value="" />
150-->src\main\AndroidManifest.xml:20:17-33
151        </activity>
152        <activity
152-->src\main\AndroidManifest.xml:141:9-147:20
153            android:name="com.example.ottawamealer.RegisterCook"
153-->src\main\AndroidManifest.xml:142:13-41
154            android:exported="false" >
154-->src\main\AndroidManifest.xml:143:13-37
155            <meta-data
155-->src\main\AndroidManifest.xml:18:13-20:36
156                android:name="android.app.lib_name"
156-->src\main\AndroidManifest.xml:19:17-52
157                android:value="" />
157-->src\main\AndroidManifest.xml:20:17-33
158        </activity>
159        <activity
159-->src\main\AndroidManifest.xml:148:9-154:20
160            android:name="com.example.ottawamealer.ForgotPassword"
160-->src\main\AndroidManifest.xml:149:13-43
161            android:exported="false" >
161-->src\main\AndroidManifest.xml:150:13-37
162            <meta-data
162-->src\main\AndroidManifest.xml:18:13-20:36
163                android:name="android.app.lib_name"
163-->src\main\AndroidManifest.xml:19:17-52
164                android:value="" />
164-->src\main\AndroidManifest.xml:20:17-33
165        </activity>
166        <activity
166-->src\main\AndroidManifest.xml:155:9-161:20
167            android:name="com.example.ottawamealer.Welcome"
167-->src\main\AndroidManifest.xml:156:13-36
168            android:exported="false" >
168-->src\main\AndroidManifest.xml:157:13-37
169            <meta-data
169-->src\main\AndroidManifest.xml:18:13-20:36
170                android:name="android.app.lib_name"
170-->src\main\AndroidManifest.xml:19:17-52
171                android:value="" />
171-->src\main\AndroidManifest.xml:20:17-33
172        </activity>
173        <activity
173-->src\main\AndroidManifest.xml:162:9-168:20
174            android:name="com.example.ottawamealer.RegisterUser"
174-->src\main\AndroidManifest.xml:163:13-41
175            android:exported="false" >
175-->src\main\AndroidManifest.xml:164:13-37
176            <meta-data
176-->src\main\AndroidManifest.xml:18:13-20:36
177                android:name="android.app.lib_name"
177-->src\main\AndroidManifest.xml:19:17-52
178                android:value="" />
178-->src\main\AndroidManifest.xml:20:17-33
179        </activity>
180        <activity
180-->src\main\AndroidManifest.xml:169:9-181:20
181            android:name="com.example.ottawamealer.MainActivity"
181-->src\main\AndroidManifest.xml:170:13-41
182            android:exported="true" >
182-->src\main\AndroidManifest.xml:171:13-36
183            <intent-filter>
183-->src\main\AndroidManifest.xml:172:13-176:29
184                <action android:name="android.intent.action.MAIN" />
184-->src\main\AndroidManifest.xml:173:17-69
184-->src\main\AndroidManifest.xml:173:25-66
185
186                <category android:name="android.intent.category.LAUNCHER" />
186-->src\main\AndroidManifest.xml:175:17-77
186-->src\main\AndroidManifest.xml:175:27-74
187            </intent-filter>
188
189            <meta-data
189-->src\main\AndroidManifest.xml:18:13-20:36
190                android:name="android.app.lib_name"
190-->src\main\AndroidManifest.xml:19:17-52
191                android:value="" />
191-->src\main\AndroidManifest.xml:20:17-33
192        </activity>
193        <activity
193-->[com.google.firebase:firebase-auth:21.1.0] AndroidManifest.xml:27:9-44:20
194            android:name="com.google.firebase.auth.internal.GenericIdpActivity"
194-->[com.google.firebase:firebase-auth:21.1.0] AndroidManifest.xml:28:13-80
195            android:excludeFromRecents="true"
195-->[com.google.firebase:firebase-auth:21.1.0] AndroidManifest.xml:29:13-46
196            android:exported="true"
196-->[com.google.firebase:firebase-auth:21.1.0] AndroidManifest.xml:30:13-36
197            android:launchMode="singleTask"
197-->[com.google.firebase:firebase-auth:21.1.0] AndroidManifest.xml:31:13-44
198            android:theme="@android:style/Theme.Translucent.NoTitleBar" >
198-->[com.google.firebase:firebase-auth:21.1.0] AndroidManifest.xml:32:13-72
199            <intent-filter>
199-->[com.google.firebase:firebase-auth:21.1.0] AndroidManifest.xml:33:13-43:29
200                <action android:name="android.intent.action.VIEW" />
200-->[com.google.firebase:firebase-auth:21.1.0] AndroidManifest.xml:34:17-69
200-->[com.google.firebase:firebase-auth:21.1.0] AndroidManifest.xml:34:25-66
201
202                <category android:name="android.intent.category.DEFAULT" />
202-->[com.google.firebase:firebase-auth:21.1.0] AndroidManifest.xml:36:17-76
202-->[com.google.firebase:firebase-auth:21.1.0] AndroidManifest.xml:36:27-73
203                <category android:name="android.intent.category.BROWSABLE" />
203-->[com.google.firebase:firebase-auth:21.1.0] AndroidManifest.xml:37:17-78
203-->[com.google.firebase:firebase-auth:21.1.0] AndroidManifest.xml:37:27-75
204
205                <data
205-->[com.google.firebase:firebase-auth:21.1.0] AndroidManifest.xml:39:17-42:51
206                    android:host="firebase.auth"
206-->[com.google.firebase:firebase-auth:21.1.0] AndroidManifest.xml:40:21-49
207                    android:path="/"
207-->[com.google.firebase:firebase-auth:21.1.0] AndroidManifest.xml:41:21-37
208                    android:scheme="genericidp" />
208-->[com.google.firebase:firebase-auth:21.1.0] AndroidManifest.xml:42:21-48
209            </intent-filter>
210        </activity>
211        <activity
211-->[com.google.firebase:firebase-auth:21.1.0] AndroidManifest.xml:45:9-62:20
212            android:name="com.google.firebase.auth.internal.RecaptchaActivity"
212-->[com.google.firebase:firebase-auth:21.1.0] AndroidManifest.xml:46:13-79
213            android:excludeFromRecents="true"
213-->[com.google.firebase:firebase-auth:21.1.0] AndroidManifest.xml:47:13-46
214            android:exported="true"
214-->[com.google.firebase:firebase-auth:21.1.0] AndroidManifest.xml:48:13-36
215            android:launchMode="singleTask"
215-->[com.google.firebase:firebase-auth:21.1.0] AndroidManifest.xml:49:13-44
216            android:theme="@android:style/Theme.Translucent.NoTitleBar" >
216-->[com.google.firebase:firebase-auth:21.1.0] AndroidManifest.xml:50:13-72
217            <intent-filter>
217-->[com.google.firebase:firebase-auth:21.1.0] AndroidManifest.xml:51:13-61:29
218                <action android:name="android.intent.action.VIEW" />
218-->[com.google.firebase:firebase-auth:21.1.0] AndroidManifest.xml:34:17-69
218-->[com.google.firebase:firebase-auth:21.1.0] AndroidManifest.xml:34:25-66
219
220                <category android:name="android.intent.category.DEFAULT" />
220-->[com.google.firebase:firebase-auth:21.1.0] AndroidManifest.xml:36:17-76
220-->[com.google.firebase:firebase-auth:21.1.0] AndroidManifest.xml:36:27-73
221                <category android:name="android.intent.category.BROWSABLE" />
221-->[com.google.firebase:firebase-auth:21.1.0] AndroidManifest.xml:37:17-78
221-->[com.google.firebase:firebase-auth:21.1.0] AndroidManifest.xml:37:27-75
222
223                <data
223-->[com.google.firebase:firebase-auth:21.1.0] AndroidManifest.xml:39:17-42:51
224                    android:host="firebase.auth"
224-->[com.google.firebase:firebase-auth:21.1.0] AndroidManifest.xml:40:21-49
225                    android:path="/"
225-->[com.google.firebase:firebase-auth:21.1.0] AndroidManifest.xml:41:21-37
226                    android:scheme="recaptcha" />
226-->[com.google.firebase:firebase-auth:21.1.0] AndroidManifest.xml:42:21-48
227            </intent-filter>
228        </activity>
229
230        <service
230-->[com.google.firebase:firebase-auth:21.1.0] AndroidManifest.xml:64:9-70:19
231            android:name="com.google.firebase.components.ComponentDiscoveryService"
231-->[com.google.firebase:firebase-auth:21.1.0] AndroidManifest.xml:65:13-84
232            android:directBootAware="true"
232-->[com.google.firebase:firebase-common:20.2.0] AndroidManifest.xml:34:13-43
233            android:exported="false" >
233-->[com.google.firebase:firebase-auth:21.1.0] AndroidManifest.xml:66:13-37
234            <meta-data
234-->[com.google.firebase:firebase-auth:21.1.0] AndroidManifest.xml:67:13-69:85
235                android:name="com.google.firebase.components:com.google.firebase.auth.FirebaseAuthRegistrar"
235-->[com.google.firebase:firebase-auth:21.1.0] AndroidManifest.xml:68:17-109
236                android:value="com.google.firebase.components.ComponentRegistrar" />
236-->[com.google.firebase:firebase-auth:21.1.0] AndroidManifest.xml:69:17-82
237            <meta-data
237-->[com.google.firebase:firebase-database:20.1.0] AndroidManifest.xml:31:13-33:85
238                android:name="com.google.firebase.components:com.google.firebase.database.DatabaseRegistrar"
238-->[com.google.firebase:firebase-database:20.1.0] AndroidManifest.xml:32:17-109
239                android:value="com.google.firebase.components.ComponentRegistrar" />
239-->[com.google.firebase:firebase-database:20.1.0] AndroidManifest.xml:33:17-82
240            <meta-data
240-->[com.google.firebase:firebase-storage:20.1.0] AndroidManifest.xml:32:13-34:85
241                android:name="com.google.firebase.components:com.google.firebase.storage.StorageRegistrar"
241-->[com.google.firebase:firebase-storage:20.1.0] AndroidManifest.xml:33:17-107
242                android:value="com.google.firebase.components.ComponentRegistrar" />
242-->[com.google.firebase:firebase-storage:20.1.0] AndroidManifest.xml:34:17-82
243        </service>
244
245        <provider
245-->[com.google.firebase:firebase-common:20.2.0] AndroidManifest.xml:25:9-30:39
246            android:name="com.google.firebase.provider.FirebaseInitProvider"
246-->[com.google.firebase:firebase-common:20.2.0] AndroidManifest.xml:26:13-77
247            android:authorities="com.example.ottawamealer.firebaseinitprovider"
247-->[com.google.firebase:firebase-common:20.2.0] AndroidManifest.xml:27:13-72
248            android:directBootAware="true"
248-->[com.google.firebase:firebase-common:20.2.0] AndroidManifest.xml:28:13-43
249            android:exported="false"
249-->[com.google.firebase:firebase-common:20.2.0] AndroidManifest.xml:29:13-37
250            android:initOrder="100" />
250-->[com.google.firebase:firebase-common:20.2.0] AndroidManifest.xml:30:13-36
251
252        <activity
252-->[com.google.android.gms:play-services-base:18.0.1] AndroidManifest.xml:20:9-22:45
253            android:name="com.google.android.gms.common.api.GoogleApiActivity"
253-->[com.google.android.gms:play-services-base:18.0.1] AndroidManifest.xml:20:19-85
254            android:exported="false"
254-->[com.google.android.gms:play-services-base:18.0.1] AndroidManifest.xml:22:19-43
255            android:theme="@android:style/Theme.Translucent.NoTitleBar" />
255-->[com.google.android.gms:play-services-base:18.0.1] AndroidManifest.xml:21:19-78
256
257        <meta-data
257-->[com.google.android.gms:play-services-basement:18.1.0] AndroidManifest.xml:21:9-23:69
258            android:name="com.google.android.gms.version"
258-->[com.google.android.gms:play-services-basement:18.1.0] AndroidManifest.xml:22:13-58
259            android:value="@integer/google_play_services_version" />
259-->[com.google.android.gms:play-services-basement:18.1.0] AndroidManifest.xml:23:13-66
260
261        <provider
261-->[androidx.emoji2:emoji2:1.2.0] AndroidManifest.xml:24:9-32:20
262            android:name="androidx.startup.InitializationProvider"
262-->[androidx.emoji2:emoji2:1.2.0] AndroidManifest.xml:25:13-67
263            android:authorities="com.example.ottawamealer.androidx-startup"
263-->[androidx.emoji2:emoji2:1.2.0] AndroidManifest.xml:26:13-68
264            android:exported="false" >
264-->[androidx.emoji2:emoji2:1.2.0] AndroidManifest.xml:27:13-37
265            <meta-data
265-->[androidx.emoji2:emoji2:1.2.0] AndroidManifest.xml:29:13-31:52
266                android:name="androidx.emoji2.text.EmojiCompatInitializer"
266-->[androidx.emoji2:emoji2:1.2.0] AndroidManifest.xml:30:17-75
267                android:value="androidx.startup" />
267-->[androidx.emoji2:emoji2:1.2.0] AndroidManifest.xml:31:17-49
268            <meta-data
268-->[androidx.lifecycle:lifecycle-process:2.4.1] AndroidManifest.xml:31:13-33:52
269                android:name="androidx.lifecycle.ProcessLifecycleInitializer"
269-->[androidx.lifecycle:lifecycle-process:2.4.1] AndroidManifest.xml:32:17-78
270                android:value="androidx.startup" />
270-->[androidx.lifecycle:lifecycle-process:2.4.1] AndroidManifest.xml:33:17-49
271        </provider>
272    </application>
273
274</manifest>